#
# A fatal error has been detected by the Java Runtime Environment:
#
#  EXCEPTION_UNCAUGHT_CXX_EXCEPTION (0xe06d7363) at pc=0x00007ff941d57788, pid=10812, tid=2608
#
# JRE version: Java(TM) SE Runtime Environment (7.0_80-b15) (build 1.7.0_80-b15)
# Java VM: Java HotSpot(TM) 64-Bit Server VM (24.80-b11 mixed mode windows-amd64 compressed oops)
# Problematic frame:
# C  [KERNELBASE.dll+0x17788]
#
# Failed to write core dump. Minidumps are not enabled by default on client versions of Windows
#
# If you would like to submit a bug report, please visit:
#   http://bugreport.java.com/bugreport/crash.jsp
# The crash happened outside the Java Virtual Machine in native code.
# See problematic frame for where to report the bug.
#

---------------  T H R E A D  ---------------

Current thread (0x0000000013746800):  JavaThread "Thread-6" daemon [_thread_in_native, id=2608, stack(0x00000000229d0000,0x0000000022ad0000)]

siginfo: ExceptionCode=0xe06d7363, ExceptionInformation=0x0000000019930520 0x0000000022acce40 0x00000000fd92a3f0 0x00000000fd610000 

Registers:
RAX=0x0000000022accac0, RBX=0x00000000fd92a3f0, RCX=0x0000000232cc3d90, RDX=0x0000000000000000
RSP=0x0000000022acccd0, RBP=0x0000000022acce10, RSI=0x0000000022acd1d8, RDI=0x0000000022acce40
R8 =0x000000024c6196d0, R9 =0x0000000022acc800, R10=0x000000001d9175e0, R11=0x0000000022acc820
R12=0x0000000000000000, R13=0x0000000022acdac0, R14=0x0000000022acd830, R15=0x0000000022acd798
RIP=0x00007ff941d57788, EFLAGS=0x0000000000000202

Top of Stack: (sp=0x0000000022acccd0)
0x0000000022acccd0:   0000000022accca8 00000000fd92a3f0
0x0000000022accce0:   0000000022acd1d8 0000000022acce40
0x0000000022acccf0:   00000001e06d7363 0000000000000000
0x0000000022accd00:   00007ff941d57788 0000000200000004
0x0000000022accd10:   0000000019930520 0000000022acce40
0x0000000022accd20:   00000000fd92a3f0 00000000fd610000
0x0000000022accd30:   0000000022acdac0 0000000000000000
0x0000000022accd40:   0000000022acce40 0000000022acd1d8
0x0000000022accd50:   0000000022acce10 00007ff9454fc26f
0x0000000022accd60:   0000000022acce20 0000000200000000
0x0000000022accd70:   0000000022acce70 00007ff93063d2b9
0x0000000022accd80:   00000000fdb25000 00000000fd610000
0x0000000022accd90:   00004390c6cbe5d0 0000000000000001
0x0000000022accda0:   00000000fd92a3f0 00007ff93063ef63
0x0000000022accdb0:   0000000022acce70 0000000184555a90
0x0000000022accdc0:   0000000022dd4e00 0000000022aedfd7 

Instructions: (pc=0x00007ff941d57788)
0x00007ff941d57768:   49 8b d1 44 0f 47 c0 44 89 44 24 38 49 c1 e0 03
0x00007ff941d57778:   e8 07 55 06 00 48 8d 4c 24 20 ff 15 d0 08 13 00
0x00007ff941d57788:   48 8b 8c 24 c0 00 00 00 48 33 cc e8 98 1a 06 00
0x00007ff941d57798:   48 81 c4 d8 00 00 00 c3 83 64 24 38 00 eb d6 cc 


Register to memory mapping:

RAX=0x0000000022accac0 is pointing into the stack for thread: 0x0000000013746800
RBX=0x00000000fd92a3f0 is an unknown value
RCX=0x0000000232cc3d90 is an unknown value
RDX=0x0000000000000000 is an unknown value
RSP=0x0000000022acccd0 is pointing into the stack for thread: 0x0000000013746800
RBP=0x0000000022acce10 is pointing into the stack for thread: 0x0000000013746800
RSI=0x0000000022acd1d8 is pointing into the stack for thread: 0x0000000013746800
RDI=0x0000000022acce40 is pointing into the stack for thread: 0x0000000013746800
R8 =0x000000024c6196d0 is an unknown value
R9 =0x0000000022acc800 is pointing into the stack for thread: 0x0000000013746800
R10=0x000000001d9175e0 is an unknown value
R11=0x0000000022acc820 is pointing into the stack for thread: 0x0000000013746800
R12=0x0000000000000000 is an unknown value
R13=0x0000000022acdac0 is pointing into the stack for thread: 0x0000000013746800
R14=0x0000000022acd830 is pointing into the stack for thread: 0x0000000013746800
R15=0x0000000022acd798 is pointing into the stack for thread: 0x0000000013746800


Stack: [0x00000000229d0000,0x0000000022ad0000],  sp=0x0000000022acccd0,  free space=1011k
Native frames: (J=compiled Java code, j=interpreted, Vv=VM code, C=native code)
C  [KERNELBASE.dll+0x17788]

Java frames: (J=compiled Java code, j=interpreted, Vv=VM code)
j  com.mathworks.toolbox.javabuilder.internal.MWMCR.mclInitializeComponentInstance(ZLjava/lang/String;Ljava/lang/String;Ljava/lang/String;Ljava/io/InputStream;ILjava/util/concurrent/Callable;Ljava/util/concurrent/Callable;)Lcom/mathworks/toolbox/javabuilder/internal/NativePtr;+0
j  com.mathworks.toolbox.javabuilder.internal.MWMCR.access$700(ZLjava/lang/String;Ljava/lang/String;Ljava/lang/String;Ljava/io/InputStream;ILjava/util/concurrent/Callable;Ljava/util/concurrent/Callable;)Lcom/mathworks/toolbox/javabuilder/internal/NativePtr;+12
j  com.mathworks.toolbox.javabuilder.internal.MWMCR$6.mclInitializeComponentInstance(ZLjava/lang/String;Ljava/lang/String;Ljava/lang/String;Ljava/io/InputStream;ILjava/util/concurrent/Callable;Ljava/util/concurrent/Callable;)Lcom/mathworks/toolbox/javabuilder/internal/NativePtr;+13
j  sun.reflect.GeneratedMethodAccessor14.invoke(Ljava/lang/Object;[Ljava/lang/Object;)Ljava/lang/Object;+193
j  sun.reflect.DelegatingMethodAccessorImpl.invoke(Ljava/lang/Object;[Ljava/lang/Object;)Ljava/lang/Object;+6
j  java.lang.reflect.Method.invoke(Ljava/lang/Object;[Ljava/lang/Object;)Ljava/lang/Object;+57
j  com.mathworks.toolbox.javabuilder.internal.MWMCR$5.invoke(Ljava/lang/Object;Ljava/lang/reflect/Method;[Ljava/lang/Object;)Ljava/lang/Object;+8
j  com.sun.proxy.$Proxy0.mclInitializeComponentInstance(ZLjava/lang/String;Ljava/lang/String;Ljava/lang/String;Ljava/io/InputStream;ILjava/util/concurrent/Callable;Ljava/util/concurrent/Callable;)Lcom/mathworks/toolbox/javabuilder/internal/NativePtr;+58
j  sun.reflect.GeneratedMethodAccessor14.invoke(Ljava/lang/Object;[Ljava/lang/Object;)Ljava/lang/Object;+193
j  sun.reflect.DelegatingMethodAccessorImpl.invoke(Ljava/lang/Object;[Ljava/lang/Object;)Ljava/lang/Object;+6
j  java.lang.reflect.Method.invoke(Ljava/lang/Object;[Ljava/lang/Object;)Ljava/lang/Object;+57
j  com.mathworks.toolbox.javabuilder.internal.MWMCR$4$1.call()Ljava/lang/Object;+11
j  com.mathworks.toolbox.javabuilder.internal.MCRThreadUtilities$CallableWrapper.call()Ljava/lang/Object;+4
j  java.util.concurrent.FutureTask.run()V+42
j  java.util.concurrent.ScheduledThreadPoolExecutor$ScheduledFutureTask.access$201(Ljava/util/concurrent/ScheduledThreadPoolExecutor$ScheduledFutureTask;)V+1
j  java.util.concurrent.ScheduledThreadPoolExecutor$ScheduledFutureTask.run()V+30
j  java.util.concurrent.ThreadPoolExecutor.runWorker(Ljava/util/concurrent/ThreadPoolExecutor$Worker;)V+95
j  java.util.concurrent.ThreadPoolExecutor$Worker.run()V+5
j  java.lang.Thread.run()V+11
v  ~StubRoutines::call_stub

---------------  P R O C E S S  ---------------

Java Threads: ( => current thread )
  0x000000002b7f6000 JavaThread "Thread-739" [_thread_blocked, id=15588, stack(0x000000024d5c0000,0x000000024d6c0000)]
  0x000000002b7f5000 JavaThread "Connector Runnable" daemon [_thread_blocked, id=14852, stack(0x000000002d9e0000,0x000000002dae0000)]
  0x000000002b7f3800 JavaThread "EventMgr Dispatcher" daemon [_thread_in_native, id=13404, stack(0x0000000025930000,0x0000000025a30000)]
  0x0000000012512000 JavaThread "MATLAB Compiler Runtime" daemon [_thread_in_native, id=14584, stack(0x0000000025ba0000,0x00000000263a0000)]
=>0x0000000013746800 JavaThread "Thread-6" daemon [_thread_in_native, id=2608, stack(0x00000000229d0000,0x0000000022ad0000)]
  0x0000000012410800 JavaThread "TimerQueue" daemon [_thread_blocked, id=10064, stack(0x000000001b6f0000,0x000000001b7f0000)]
  0x0000000002ece800 JavaThread "DestroyJavaVM" [_thread_blocked, id=15208, stack(0x0000000002d50000,0x0000000002e50000)]
  0x00000000134b0800 JavaThread "Timer-0" [_thread_blocked, id=15040, stack(0x0000000015940000,0x0000000015a40000)]
  0x00000000134a1000 JavaThread "Thread-3" [_thread_in_native, id=15056, stack(0x0000000015840000,0x0000000015940000)]
  0x000000001235c800 JavaThread "Swing-Shell" daemon [_thread_blocked, id=4520, stack(0x0000000014440000,0x0000000014540000)]
  0x00000000123ff000 JavaThread "AWT-EventQueue-0" [_thread_blocked, id=14548, stack(0x0000000014340000,0x0000000014440000)]
  0x00000000122e0800 JavaThread "AWT-Windows" daemon [_thread_in_native, id=8044, stack(0x0000000013080000,0x0000000013180000)]
  0x00000000122df800 JavaThread "AWT-Shutdown" [_thread_blocked, id=15348, stack(0x0000000012f80000,0x0000000013080000)]
  0x00000000122dd000 JavaThread "Java2D Disposer" daemon [_thread_blocked, id=14356, stack(0x0000000012e80000,0x0000000012f80000)]
  0x0000000012172800 JavaThread "Service Thread" daemon [_thread_blocked, id=14920, stack(0x0000000012940000,0x0000000012a40000)]
  0x000000001216f800 JavaThread "C2 CompilerThread1" daemon [_thread_blocked, id=14916, stack(0x0000000012840000,0x0000000012940000)]
  0x000000001216d000 JavaThread "C2 CompilerThread0" daemon [_thread_blocked, id=14924, stack(0x0000000012740000,0x0000000012840000)]
  0x0000000002fce800 JavaThread "Attach Listener" daemon [_thread_blocked, id=1260, stack(0x0000000012640000,0x0000000012740000)]
  0x0000000002fcd800 JavaThread "Signal Dispatcher" daemon [_thread_blocked, id=14292, stack(0x0000000012540000,0x0000000012640000)]
  0x000000001015f000 JavaThread "Finalizer" daemon [_thread_blocked, id=14220, stack(0x0000000012040000,0x0000000012140000)]
  0x0000000010158800 JavaThread "Reference Handler" daemon [_thread_blocked, id=5800, stack(0x0000000011f40000,0x0000000012040000)]

Other Threads:
  0x0000000010154800 VMThread [stack: 0x0000000011e40000,0x0000000011f40000] [id=8740]
  0x0000000012192000 WatcherThread [stack: 0x0000000012a40000,0x0000000012b40000] [id=580]

VM state:not at safepoint (normal execution)

VM Mutex/Monitor currently owned by a thread: None

Heap
 PSYoungGen      total 31744K, used 9308K [0x00000007ab400000, 0x00000007ad400000, 0x0000000800000000)
  eden space 31232K, 28% used [0x00000007ab400000,0x00000007abcd72f0,0x00000007ad280000)
  from space 512K, 50% used [0x00000007ad380000,0x00000007ad3c0000,0x00000007ad400000)
  to   space 512K, 0% used [0x00000007ad300000,0x00000007ad300000,0x00000007ad380000)
 ParOldGen       total 173568K, used 121617K [0x0000000701c00000, 0x000000070c580000, 0x00000007ab400000)
  object space 173568K, 70% used [0x0000000701c00000,0x00000007092c45a0,0x000000070c580000)
 PSPermGen       total 21504K, used 16359K [0x00000006fca00000, 0x00000006fdf00000, 0x0000000701c00000)
  object space 21504K, 76% used [0x00000006fca00000,0x00000006fd9f9ef8,0x00000006fdf00000)

Card table byte_map: [0x0000000005fd0000,0x00000000067f0000] byte_map_base: 0x00000000027eb000

Polling page: 0x00000000011e0000

Code Cache  [0x0000000002fd0000, 0x0000000003240000, 0x0000000005fd0000)
 total_blobs=893 nmethods=389 adapters=456 free_code_cache=47847Kb largest_free_block=48927936

Compilation events (10 events):
Event: 162.378 Thread 0x000000001216d000  437             java.util.zip.ZStreamRef::address (5 bytes)
Event: 162.379 Thread 0x000000001216d000 nmethod 437 0x00000000030a9750 code [0x00000000030a9880, 0x00000000030a98d8]
Event: 168.925 Thread 0x000000001216f800  438   !         com.mathworks.jmi.OpaqueJavaInterface::clearJavaClassCache (81 bytes)
Event: 168.936 Thread 0x000000001216f800 nmethod 438 0x00000000030b2550 code [0x00000000030b2720, 0x00000000030b3420]
Event: 173.411 Thread 0x000000001216d000  439             java.util.Hashtable::rehash (168 bytes)
Event: 173.414 Thread 0x000000001216d000 nmethod 439 0x00000000030cf190 code [0x00000000030cf300, 0x00000000030cf5d8]
Event: 211.966 Thread 0x000000001216f800  440   !         sun.reflect.GeneratedMethodAccessor11::invoke (49 bytes)
Event: 211.967 Thread 0x000000001216f800 nmethod 440 0x00000000030a3190 code [0x00000000030a3320, 0x00000000030a3568]
Event: 224.610 Thread 0x000000001216d000  441   !         com.mathworks.util.jarloader.SimpleClassLoader::applyDefinition (246 bytes)
Event: 224.611 Thread 0x000000001216d000 nmethod 441 0x00000000030a2c50 code [0x00000000030a2dc0, 0x00000000030a2f98]

GC Heap History (10 events):
Event: 261.720 GC heap before
{Heap before GC invocations=174 (full 0):
 PSYoungGen      total 31744K, used 31424K [0x00000007ab400000, 0x00000007ad400000, 0x0000000800000000)
  eden space 31232K, 100% used [0x00000007ab400000,0x00000007ad280000,0x00000007ad280000)
  from space 512K, 37% used [0x00000007ad300000,0x00000007ad330000,0x00000007ad380000)
  to   space 512K, 0% used [0x00000007ad380000,0x00000007ad380000,0x00000007ad400000)
 ParOldGen       total 173568K, used 121267K [0x0000000701c00000, 0x000000070c580000, 0x00000007ab400000)
  object space 173568K, 69% used [0x0000000701c00000,0x000000070926ce50,0x000000070c580000)
 PSPermGen       total 21504K, used 16359K [0x00000006fca00000, 0x00000006fdf00000, 0x0000000701c00000)
  object space 21504K, 76% used [0x00000006fca00000,0x00000006fd9f9ef8,0x00000006fdf00000)
Event: 261.721 GC heap after
Heap after GC invocations=174 (full 0):
 PSYoungGen      total 31744K, used 256K [0x00000007ab400000, 0x00000007ad400000, 0x0000000800000000)
  eden space 31232K, 0% used [0x00000007ab400000,0x00000007ab400000,0x00000007ad280000)
  from space 512K, 50% used [0x00000007ad380000,0x00000007ad3c0000,0x00000007ad400000)
  to   space 512K, 0% used [0x00000007ad300000,0x00000007ad300000,0x00000007ad380000)
 ParOldGen       total 173568K, used 121329K [0x0000000701c00000, 0x000000070c580000, 0x00000007ab400000)
  object space 173568K, 69% used [0x0000000701c00000,0x000000070927c788,0x000000070c580000)
 PSPermGen       total 21504K, used 16359K [0x00000006fca00000, 0x00000006fdf00000, 0x0000000701c00000)
  object space 21504K, 76% used [0x00000006fca00000,0x00000006fd9f9ef8,0x00000006fdf00000)
}
Event: 261.862 GC heap before
{Heap before GC invocations=175 (full 0):
 PSYoungGen      total 31744K, used 31488K [0x00000007ab400000, 0x00000007ad400000, 0x0000000800000000)
  eden space 31232K, 100% used [0x00000007ab400000,0x00000007ad280000,0x00000007ad280000)
  from space 512K, 50% used [0x00000007ad380000,0x00000007ad3c0000,0x00000007ad400000)
  to   space 512K, 0% used [0x00000007ad300000,0x00000007ad300000,0x00000007ad380000)
 ParOldGen       total 173568K, used 121329K [0x0000000701c00000, 0x000000070c580000, 0x00000007ab400000)
  object space 173568K, 69% used [0x0000000701c00000,0x000000070927c788,0x000000070c580000)
 PSPermGen       total 21504K, used 16359K [0x00000006fca00000, 0x00000006fdf00000, 0x0000000701c00000)
  object space 21504K, 76% used [0x00000006fca00000,0x00000006fd9f9ef8,0x00000006fdf00000)
Event: 261.863 GC heap after
Heap after GC invocations=175 (full 0):
 PSYoungGen      total 31744K, used 192K [0x00000007ab400000, 0x00000007ad400000, 0x0000000800000000)
  eden space 31232K, 0% used [0x00000007ab400000,0x00000007ab400000,0x00000007ad280000)
  from space 512K, 37% used [0x00000007ad300000,0x00000007ad330000,0x00000007ad380000)
  to   space 512K, 0% used [0x00000007ad380000,0x00000007ad380000,0x00000007ad400000)
 ParOldGen       total 173568K, used 121400K [0x0000000701c00000, 0x000000070c580000, 0x00000007ab400000)
  object space 173568K, 69% used [0x0000000701c00000,0x000000070928e0c0,0x000000070c580000)
 PSPermGen       total 21504K, used 16359K [0x00000006fca00000, 0x00000006fdf00000, 0x0000000701c00000)
  object space 21504K, 76% used [0x00000006fca00000,0x00000006fd9f9ef8,0x00000006fdf00000)
}
Event: 263.004 GC heap before
{Heap before GC invocations=176 (full 0):
 PSYoungGen      total 31744K, used 31424K [0x00000007ab400000, 0x00000007ad400000, 0x0000000800000000)
  eden space 31232K, 100% used [0x00000007ab400000,0x00000007ad280000,0x00000007ad280000)
  from space 512K, 37% used [0x00000007ad300000,0x00000007ad330000,0x00000007ad380000)
  to   space 512K, 0% used [0x00000007ad380000,0x00000007ad380000,0x00000007ad400000)
 ParOldGen       total 173568K, used 121400K [0x0000000701c00000, 0x000000070c580000, 0x00000007ab400000)
  object space 173568K, 69% used [0x0000000701c00000,0x000000070928e0c0,0x000000070c580000)
 PSPermGen       total 21504K, used 16359K [0x00000006fca00000, 0x00000006fdf00000, 0x0000000701c00000)
  object space 21504K, 76% used [0x00000006fca00000,0x00000006fd9f9ef8,0x00000006fdf00000)
Event: 263.005 GC heap after
Heap after GC invocations=176 (full 0):
 PSYoungGen      total 31744K, used 192K [0x00000007ab400000, 0x00000007ad400000, 0x0000000800000000)
  eden space 31232K, 0% used [0x00000007ab400000,0x00000007ab400000,0x00000007ad280000)
  from space 512K, 37% used [0x00000007ad380000,0x00000007ad3b0000,0x00000007ad400000)
  to   space 512K, 0% used [0x00000007ad300000,0x00000007ad300000,0x00000007ad380000)
 ParOldGen       total 173568K, used 121432K [0x0000000701c00000, 0x000000070c580000, 0x00000007ab400000)
  object space 173568K, 69% used [0x0000000701c00000,0x00000007092960c0,0x000000070c580000)
 PSPermGen       total 21504K, used 16359K [0x00000006fca00000, 0x00000006fdf00000, 0x0000000701c00000)
  object space 21504K, 76% used [0x00000006fca00000,0x00000006fd9f9ef8,0x00000006fdf00000)
}
Event: 264.087 GC heap before
{Heap before GC invocations=177 (full 0):
 PSYoungGen      total 31744K, used 31424K [0x00000007ab400000, 0x00000007ad400000, 0x0000000800000000)
  eden space 31232K, 100% used [0x00000007ab400000,0x00000007ad280000,0x00000007ad280000)
  from space 512K, 37% used [0x00000007ad380000,0x00000007ad3b0000,0x00000007ad400000)
  to   space 512K, 0% used [0x00000007ad300000,0x00000007ad300000,0x00000007ad380000)
 ParOldGen       total 173568K, used 121432K [0x0000000701c00000, 0x000000070c580000, 0x00000007ab400000)
  object space 173568K, 69% used [0x0000000701c00000,0x00000007092960c0,0x000000070c580000)
 PSPermGen       total 21504K, used 16359K [0x00000006fca00000, 0x00000006fdf00000, 0x0000000701c00000)
  object space 21504K, 76% used [0x00000006fca00000,0x00000006fd9f9ef8,0x00000006fdf00000)
Event: 264.088 GC heap after
Heap after GC invocations=177 (full 0):
 PSYoungGen      total 31744K, used 224K [0x00000007ab400000, 0x00000007ad400000, 0x0000000800000000)
  eden space 31232K, 0% used [0x00000007ab400000,0x00000007ab400000,0x00000007ad280000)
  from space 512K, 43% used [0x00000007ad300000,0x00000007ad338000,0x00000007ad380000)
  to   space 512K, 0% used [0x00000007ad380000,0x00000007ad380000,0x00000007ad400000)
 ParOldGen       total 173568K, used 121524K [0x0000000701c00000, 0x000000070c580000, 0x00000007ab400000)
  object space 173568K, 70% used [0x0000000701c00000,0x00000007092ad330,0x000000070c580000)
 PSPermGen       total 21504K, used 16359K [0x00000006fca00000, 0x00000006fdf00000, 0x0000000701c00000)
  object space 21504K, 76% used [0x00000006fca00000,0x00000006fd9f9ef8,0x00000006fdf00000)
}
Event: 264.243 GC heap before
{Heap before GC invocations=178 (full 0):
 PSYoungGen      total 31744K, used 31456K [0x00000007ab400000, 0x00000007ad400000, 0x0000000800000000)
  eden space 31232K, 100% used [0x00000007ab400000,0x00000007ad280000,0x00000007ad280000)
  from space 512K, 43% used [0x00000007ad300000,0x00000007ad338000,0x00000007ad380000)
  to   space 512K, 0% used [0x00000007ad380000,0x00000007ad380000,0x00000007ad400000)
 ParOldGen       total 173568K, used 121524K [0x0000000701c00000, 0x000000070c580000, 0x00000007ab400000)
  object space 173568K, 70% used [0x0000000701c00000,0x00000007092ad330,0x000000070c580000)
 PSPermGen       total 21504K, used 16359K [0x00000006fca00000, 0x00000006fdf00000, 0x0000000701c00000)
  object space 21504K, 76% used [0x00000006fca00000,0x00000006fd9f9ef8,0x00000006fdf00000)
Event: 264.244 GC heap after
Heap after GC invocations=178 (full 0):
 PSYoungGen      total 31744K, used 256K [0x00000007ab400000, 0x00000007ad400000, 0x0000000800000000)
  eden space 31232K, 0% used [0x00000007ab400000,0x00000007ab400000,0x00000007ad280000)
  from space 512K, 50% used [0x00000007ad380000,0x00000007ad3c0000,0x00000007ad400000)
  to   space 512K, 0% used [0x00000007ad300000,0x00000007ad300000,0x00000007ad380000)
 ParOldGen       total 173568K, used 121617K [0x0000000701c00000, 0x000000070c580000, 0x00000007ab400000)
  object space 173568K, 70% used [0x0000000701c00000,0x00000007092c45a0,0x000000070c580000)
 PSPermGen       total 21504K, used 16359K [0x00000006fca00000, 0x00000006fdf00000, 0x0000000701c00000)
  object space 21504K, 76% used [0x00000006fca00000,0x00000006fd9f9ef8,0x00000006fdf00000)
}

Deoptimization events (10 events):
Event: 105.915 Thread 0x00000000123ff000 Uncommon trap: reason=unstable_if action=reinterpret pc=0x000000000306d8bc method=sun.util.logging.PlatformLogger.isLoggable(Lsun/util/logging/PlatformLogger$Level;)Z @ 18
Event: 105.915 Thread 0x00000000123ff000 Uncommon trap: reason=unstable_if action=reinterpret pc=0x000000000306df18 method=sun.util.logging.PlatformLogger.isLoggable(Lsun/util/logging/PlatformLogger$Level;)Z @ 18
Event: 107.062 Thread 0x0000000012512000 Uncommon trap: reason=unstable_if action=reinterpret pc=0x00000000030cf634 method=java.lang.Character.isSurrogate(C)Z @ 3
Event: 107.062 Thread 0x0000000012512000 Uncommon trap: reason=unstable_if action=reinterpret pc=0x0000000003076bf0 method=java.lang.Character.isSurrogate(C)Z @ 3
Event: 107.062 Thread 0x0000000012512000 Uncommon trap: reason=unstable_if action=reinterpret pc=0x00000000030684e8 method=java.lang.String.toLowerCase(Ljava/util/Locale;)Ljava/lang/String; @ 37
Event: 107.712 Thread 0x000000002b7f5000 Uncommon trap: reason=bimorphic action=maybe_recompile pc=0x00000000030e9e7c method=java.lang.ThreadLocal.get()Ljava/lang/Object; @ 6
Event: 108.713 Thread 0x000000002b7f5000 Uncommon trap: reason=bimorphic action=maybe_recompile pc=0x00000000030e9e7c method=java.lang.ThreadLocal.get()Ljava/lang/Object; @ 6
Event: 109.713 Thread 0x000000002b7f5000 Uncommon trap: reason=bimorphic action=maybe_recompile pc=0x00000000030e9e7c method=java.lang.ThreadLocal.get()Ljava/lang/Object; @ 6
Event: 110.714 Thread 0x000000002b7f5000 Uncommon trap: reason=bimorphic action=maybe_recompile pc=0x00000000030e9e7c method=java.lang.ThreadLocal.get()Ljava/lang/Object; @ 6
Event: 138.325 Thread 0x00000000123ff000 Uncommon trap: reason=unstable_if action=reinterpret pc=0x000000000306dea0 method=java.io.File.exists()Z @ 34

Internal exceptions (10 events):
Event: 264.331 Thread 0x0000000012512000 Threw 0x00000007abc60568 at C:\re\jdk7u80\2329\hotspot\src\share\vm\prims\jvm.cpp:1319
Event: 264.332 Thread 0x0000000012512000 Threw 0x00000007abc60a08 at C:\re\jdk7u80\2329\hotspot\src\share\vm\prims\jvm.cpp:1319
Event: 264.332 Thread 0x0000000012512000 Threw 0x00000007abc615c8 at C:\re\jdk7u80\2329\hotspot\src\share\vm\prims\jvm.cpp:1319
Event: 264.333 Thread 0x0000000012512000 Threw 0x00000007abc736f0 at C:\re\jdk7u80\2329\hotspot\src\share\vm\prims\jvm.cpp:1319
Event: 264.333 Thread 0x0000000012512000 Threw 0x00000007abc739e8 at C:\re\jdk7u80\2329\hotspot\src\share\vm\prims\jvm.cpp:1319
Event: 264.333 Thread 0x0000000012512000 Threw 0x00000007abc745a8 at C:\re\jdk7u80\2329\hotspot\src\share\vm\prims\jvm.cpp:1319
Event: 264.333 Thread 0x0000000012512000 Threw 0x00000007abc866d0 at C:\re\jdk7u80\2329\hotspot\src\share\vm\prims\jvm.cpp:1319
Event: 264.333 Thread 0x0000000012512000 Threw 0x00000007abc86b08 at C:\re\jdk7u80\2329\hotspot\src\share\vm\prims\jvm.cpp:1319
Event: 264.333 Thread 0x0000000012512000 Threw 0x00000007abc876c8 at C:\re\jdk7u80\2329\hotspot\src\share\vm\prims\jvm.cpp:1319
Event: 264.333 Thread 0x0000000012512000 Threw 0x00000007abc997f0 at C:\re\jdk7u80\2329\hotspot\src\share\vm\prims\jvm.cpp:1319

Events (10 events):
Event: 264.333 loading class 0x0000000012162770
Event: 264.333 loading class 0x0000000012162770 done
Event: 264.342 Thread 0x000000002b7f7800 Thread exited: 0x000000002b7f7800
Event: 264.342 Thread 0x000000002b7f3000 Thread added: 0x000000002b7f3000
Event: 264.343 Thread 0x000000002b7f3000 Thread exited: 0x000000002b7f3000
Event: 264.343 Thread 0x000000002b7f6000 Thread added: 0x000000002b7f6000
Event: 264.343 Thread 0x000000002b7f6000 Thread exited: 0x000000002b7f6000
Event: 264.343 Thread 0x000000002b7f6000 Thread added: 0x000000002b7f6000
Event: 264.343 Thread 0x000000002b7f6000 Thread exited: 0x000000002b7f6000
Event: 264.343 Thread 0x000000002b7f6000 Thread added: 0x000000002b7f6000


Dynamic libraries:
0x00007ff6f4ac0000 - 0x00007ff6f4af3000 	E:\MyWork\jee-mars\JDKJRE\JDK84_7u80\install\bin\javaw.exe
0x00007ff9454b0000 - 0x00007ff945681000 	C:\WINDOWS\SYSTEM32\ntdll.dll
0x00007ff942fb0000 - 0x00007ff94305b000 	C:\WINDOWS\System32\KERNEL32.DLL
0x00007ff941d40000 - 0x00007ff941f5d000 	C:\WINDOWS\System32\KERNELBASE.dll
0x00007ff943a50000 - 0x00007ff943af2000 	C:\WINDOWS\System32\ADVAPI32.dll
0x00007ff943360000 - 0x00007ff9433fe000 	C:\WINDOWS\System32\msvcrt.dll
0x00007ff943f40000 - 0x00007ff943f99000 	C:\WINDOWS\System32\sechost.dll
0x00007ff942e80000 - 0x00007ff942fa1000 	C:\WINDOWS\System32\RPCRT4.dll
0x00007ff943dd0000 - 0x00007ff943f35000 	C:\WINDOWS\System32\USER32.dll
0x00007ff941f60000 - 0x00007ff941f7e000 	C:\WINDOWS\System32\win32u.dll
0x00007ff943570000 - 0x00007ff9435a4000 	C:\WINDOWS\System32\GDI32.dll
0x00007ff942030000 - 0x00007ff9421b2000 	C:\WINDOWS\System32\gdi32full.dll
0x00007ff937a20000 - 0x00007ff937c99000 	C:\WINDOWS\WinSxS\amd64_microsoft.windows.common-controls_6595b64144ccf1df_6.0.14393.447_none_42191651c6827bb3\COMCTL32.dll
0x00007ff943060000 - 0x00007ff943328000 	C:\WINDOWS\System32\combase.dll
0x00007ff9421c0000 - 0x00007ff9422b5000 	C:\WINDOWS\System32\ucrtbase.dll
0x00007ff941c20000 - 0x00007ff941c8a000 	C:\WINDOWS\System32\bcryptPrimitives.dll
0x00007ff943330000 - 0x00007ff94335e000 	C:\WINDOWS\System32\IMM32.DLL
0x0000000067220000 - 0x00000000672f2000 	E:\MyWork\jee-mars\JDKJRE\JDK84_7u80\install\jre\bin\msvcr100.dll
0x0000000066810000 - 0x0000000066fe9000 	E:\MyWork\jee-mars\JDKJRE\JDK84_7u80\install\jre\bin\server\jvm.dll
0x00007ff943dc0000 - 0x00007ff943dc8000 	C:\WINDOWS\System32\PSAPI.DLL
0x00007ff93f470000 - 0x00007ff93f493000 	C:\WINDOWS\SYSTEM32\WINMM.dll
0x00007ff9202d0000 - 0x00007ff9202d9000 	C:\WINDOWS\SYSTEM32\WSOCK32.dll
0x00007ff9435b0000 - 0x00007ff94361a000 	C:\WINDOWS\System32\WS2_32.dll
0x00007ff93f440000 - 0x00007ff93f46b000 	C:\WINDOWS\SYSTEM32\WINMMBASE.dll
0x00007ff941bd0000 - 0x00007ff941c12000 	C:\WINDOWS\System32\cfgmgr32.dll
0x0000000067e90000 - 0x0000000067e9f000 	E:\MyWork\jee-mars\JDKJRE\JDK84_7u80\install\jre\bin\verify.dll
0x0000000067e60000 - 0x0000000067e88000 	E:\MyWork\jee-mars\JDKJRE\JDK84_7u80\install\jre\bin\java.dll
0x00000000667f0000 - 0x0000000066806000 	E:\MyWork\jee-mars\JDKJRE\JDK84_7u80\install\jre\bin\zip.dll
0x00000000633e0000 - 0x0000000063575000 	E:\MyWork\jee-mars\JDKJRE\JDK84_7u80\install\jre\bin\awt.dll
0x00007ff942ae0000 - 0x00007ff942b9f000 	C:\WINDOWS\System32\OLEAUT32.dll
0x00007ff9429a0000 - 0x00007ff942a3c000 	C:\WINDOWS\System32\msvcp_win.dll
0x00007ff93fec0000 - 0x00007ff93ff3a000 	C:\WINDOWS\SYSTEM32\apphelp.dll
0x00007ff93e9b0000 - 0x00007ff93e9d6000 	C:\WINDOWS\system32\DWMAPI.DLL
0x00007ff93ff60000 - 0x00007ff93fff5000 	C:\WINDOWS\system32\uxtheme.dll
0x00007ff943be0000 - 0x00007ff943d3b000 	C:\WINDOWS\System32\MSCTF.dll
0x0000000180000000 - 0x0000000180062000 	E:\MyWork\猎豹wifi\kwassist64.dll
0x00007ff943fa0000 - 0x00007ff9454a9000 	C:\WINDOWS\System32\SHELL32.dll
0x00007ff9422c0000 - 0x00007ff94299a000 	C:\WINDOWS\System32\windows.storage.dll
0x00007ff941950000 - 0x00007ff94199c000 	C:\WINDOWS\System32\powrprof.dll
0x00007ff943d40000 - 0x00007ff943d92000 	C:\WINDOWS\System32\shlwapi.dll
0x00007ff941910000 - 0x00007ff94191f000 	C:\WINDOWS\System32\kernel.appcore.dll
0x00007ff941c90000 - 0x00007ff941d39000 	C:\WINDOWS\System32\shcore.dll
0x00007ff941930000 - 0x00007ff941944000 	C:\WINDOWS\System32\profapi.dll
0x00007ff942d40000 - 0x00007ff942e77000 	C:\WINDOWS\System32\ole32.dll
0x00007ff9331f0000 - 0x00007ff93338a000 	C:\WINDOWS\WinSxS\amd64_microsoft.windows.gdiplus_6595b64144ccf1df_1.1.14393.321_none_72fe05dd211a5fae\gdiplus.dll
0x00007ff937380000 - 0x00007ff9373cb000 	F:\myWork\listary\ListaryHook64.dll
0x00007ff932750000 - 0x00007ff9327b5000 	C:\WINDOWS\SYSTEM32\OLEACC.dll
0x000000006ae40000 - 0x000000006ae62000 	E:\MyWork\sublime_Text\SublimeText3_ha\Sublime Text 3x64\Data\Packages\IMESupport\imesupport_hook_x64.dll
0x00007ff93d170000 - 0x00007ff93d181000 	E:\软件办公资料\有道词典\Dict\6.3.69.8341\WordStrokeHelper64.dll
0x00007ff92abf0000 - 0x00007ff92ac9c000 	C:\WINDOWS\WinSxS\amd64_microsoft.windows.common-controls_6595b64144ccf1df_5.82.14393.447_none_0d5aa7fbb6d35646\comctl32.dll
0x00000000671d0000 - 0x0000000067217000 	E:\MyWork\jee-mars\JDKJRE\JDK84_7u80\install\jre\bin\fontmanager.dll
0x00000000667d0000 - 0x00000000667ea000 	E:\MyWork\jee-mars\JDKJRE\JDK84_7u80\install\jre\bin\net.dll
0x00007ff9411e0000 - 0x00007ff94123c000 	C:\WINDOWS\system32\mswsock.dll
0x00000000667b0000 - 0x00000000667c1000 	E:\MyWork\jee-mars\JDKJRE\JDK84_7u80\install\jre\bin\nio.dll
0x0000000067180000 - 0x00000000671c1000 	E:\MyWork\jee-mars\JDKJRE\JDK84_7u80\install\jre\bin\t2k.dll
0x00007ff942a40000 - 0x00007ff942adf000 	C:\WINDOWS\System32\clbcatq.dll
0x00007ff92b650000 - 0x00007ff92b777000 	C:\WINDOWS\system32\NetworkExplorer.dll
0x00007ff93ebd0000 - 0x00007ff93ed55000 	C:\WINDOWS\system32\PROPSYS.dll
0x00007ff9368f0000 - 0x00007ff936c55000 	C:\Windows\System32\ActXPrxy.dll
0x00007ff93cec0000 - 0x00007ff93cedb000 	C:\WINDOWS\System32\MPR.dll
0x00007ff93cf00000 - 0x00007ff93cf16000 	C:\WINDOWS\System32\ntlanman.dll
0x00007ff93e800000 - 0x00007ff93e80b000 	C:\WINDOWS\System32\drprov.dll
0x00007ff941750000 - 0x00007ff9417a6000 	C:\WINDOWS\System32\WINSTA.dll
0x00007ff93cc10000 - 0x00007ff93cc30000 	C:\WINDOWS\System32\davclnt.dll
0x00007ff93d310000 - 0x00007ff93d31c000 	C:\WINDOWS\System32\DAVHLPR.dll
0x00007ff93d6f0000 - 0x00007ff93d706000 	C:\WINDOWS\System32\wkscli.dll
0x00007ff941850000 - 0x00007ff94187b000 	C:\WINDOWS\System32\bcrypt.dll
0x00007ff92d280000 - 0x00007ff92d292000 	C:\WINDOWS\SYSTEM32\cscapi.dll
0x00007ff941050000 - 0x00007ff94105d000 	C:\WINDOWS\System32\netutils.dll
0x00007ff91e850000 - 0x00007ff91e89d000 	C:\Windows\System32\dlnashext.dll
0x00007ff93e110000 - 0x00007ff93e180000 	C:\Windows\System32\PlayToDevice.dll
0x00007ff936260000 - 0x00007ff93627e000 	C:\Windows\System32\DevDispItemProvider.dll
0x00007ff93c800000 - 0x00007ff93c871000 	C:\WINDOWS\System32\MMDevApi.dll
0x00007ff940550000 - 0x00007ff940578000 	C:\WINDOWS\System32\DEVOBJ.dll
0x00007ff912260000 - 0x00007ff91245f000 	C:\WINDOWS\system32\wpdshext.dll
0x00007ff93e9e0000 - 0x00007ff93ea7e000 	C:\Windows\System32\PortableDeviceApi.dll
0x00007ff943620000 - 0x00007ff943a49000 	C:\WINDOWS\System32\SETUPAPI.dll
0x00007ff941b70000 - 0x00007ff941bc5000 	C:\WINDOWS\System32\WINTRUST.dll
0x00007ff941920000 - 0x00007ff941930000 	C:\WINDOWS\System32\MSASN1.dll
0x00007ff9419a0000 - 0x00007ff941b69000 	C:\WINDOWS\System32\CRYPT32.dll
0x00007ff92b780000 - 0x00007ff92b7b6000 	C:\Windows\System32\EhStorShell.dll
0x00007ff93d520000 - 0x00007ff93d545000 	C:\Windows\System32\EhStorAPI.dll
0x00007ff93e830000 - 0x00007ff93e843000 	C:\Windows\System32\WTSAPI32.dll
0x00007ff921b80000 - 0x00007ff921b90000 	C:\WINDOWS\System32\LINKINFO.dll
0x00007ff91ebf0000 - 0x00007ff91edda000 	C:\WINDOWS\system32\sogoutsf.ime
0x00007ff9348f0000 - 0x00007ff9348fa000 	C:\WINDOWS\system32\VERSION.dll
0x00007ff9348d0000 - 0x00007ff9348d7000 	C:\WINDOWS\system32\MSIMG32.dll
0x00007ff91dc60000 - 0x00007ff91e503000 	C:\WINDOWS\system32\SogouPy.ime
0x00007ff940cc0000 - 0x00007ff940cf2000 	C:\WINDOWS\SYSTEM32\ntmarta.dll
0x0000000016860000 - 0x000000001693d000 	E:\MyWork\搜狗输入法\SogouInput\8.2.0.9069\Resource.dll
0x00007ff93cc70000 - 0x00007ff93cea6000 	E:\MyWork\搜狗输入法\SogouInput\Components\PicFace\1.0.0.1630\PicFace64.dll
0x00007ff90cd30000 - 0x00007ff90cf9b000 	E:\软件办公资料\有道词典\Dict\6.3.69.8341\TextExtractorImpl64.dll
0x00007ff943460000 - 0x00007ff94355a000 	C:\WINDOWS\System32\COMDLG32.dll
0x00007ff9327c0000 - 0x00007ff932845000 	C:\WINDOWS\SYSTEM32\WINSPOOL.DRV
0x00007ff939e80000 - 0x00007ff93a028000 	C:\WINDOWS\SYSTEM32\WindowsCodecs.dll
0x00007ff928050000 - 0x00007ff928099000 	C:\WINDOWS\system32\dataexchange.dll
0x00007ff93dc30000 - 0x00007ff93dee6000 	C:\WINDOWS\system32\d3d11.dll
0x00007ff93fa10000 - 0x00007ff93fb61000 	C:\WINDOWS\system32\dcomp.dll
0x00007ff9408a0000 - 0x00007ff94093f000 	C:\WINDOWS\system32\dxgi.dll
0x00007ff940370000 - 0x00007ff94048c000 	C:\WINDOWS\system32\twinapi.appcore.dll
0x0000000000ed0000 - 0x0000000000f0e000 	E:\MyWork\matlab\R2016b_crack\install\bin\win64\BuilderJABootstrap.dll
0x0000000000f10000 - 0x0000000000f1c000 	E:\MyWork\matlab\R2016b_crack\install\bin\win64\nativedl.dll
0x00007ff930390000 - 0x00007ff930436000 	C:\WINDOWS\SYSTEM32\MSVCP120.dll
0x00007ff9305e0000 - 0x00007ff9306cf000 	C:\WINDOWS\SYSTEM32\MSVCR120.dll
0x00000000fe7f0000 - 0x00000000fe9ff000 	E:\MyWork\matlab\R2016b_crack\install\bin\win64\libmwfl.dll
0x00007ff943da0000 - 0x00007ff943dbc000 	C:\WINDOWS\System32\imagehlp.dll
0x00000000fff00000 - 0x0000000100034000 	E:\MyWork\matlab\R2016b_crack\install\bin\win64\libmwi18n.dll
0x00007ff93d340000 - 0x00007ff93d351000 	E:\MyWork\matlab\R2016b_crack\install\bin\win64\boost_date_time-vc120-mt-1_56.dll
0x00007ff936330000 - 0x00007ff936352000 	E:\MyWork\matlab\R2016b_crack\install\bin\win64\boost_filesystem-vc120-mt-1_56.dll
0x00007ff936e30000 - 0x00007ff936ec5000 	E:\MyWork\matlab\R2016b_crack\install\bin\win64\boost_log-vc120-mt-1_56.dll
0x00007ff918ed0000 - 0x00007ff918fd4000 	E:\MyWork\matlab\R2016b_crack\install\bin\win64\boost_regex-vc120-mt-1_56.dll
0x00007ff936ed0000 - 0x00007ff936f13000 	E:\MyWork\matlab\R2016b_crack\install\bin\win64\boost_serialization-vc120-mt-1_56.dll
0x00007ff936c60000 - 0x00007ff936c73000 	E:\MyWork\matlab\R2016b_crack\install\bin\win64\boost_signals-vc120-mt-1_56.dll
0x00007ff93eb90000 - 0x00007ff93eb9a000 	E:\MyWork\matlab\R2016b_crack\install\bin\win64\boost_system-vc120-mt-1_56.dll
0x00007ff936e10000 - 0x00007ff936e2e000 	E:\MyWork\matlab\R2016b_crack\install\bin\win64\boost_thread-vc120-mt-1_56.dll
0x00000000ffef0000 - 0x00000000ffef9000 	E:\MyWork\matlab\R2016b_crack\install\bin\win64\libmwresource_core.dll
0x00007ff936300000 - 0x00007ff936326000 	E:\MyWork\matlab\R2016b_crack\install\bin\win64\LIBEXPAT.dll
0x0000000066620000 - 0x000000006677c000 	E:\MyWork\matlab\R2016b_crack\install\bin\win64\icuuc56.dll
0x0000000066400000 - 0x00000000665fe000 	E:\MyWork\matlab\R2016b_crack\install\bin\win64\icuin56.dll
0x00007ff93eb80000 - 0x00007ff93eb8b000 	E:\MyWork\matlab\R2016b_crack\install\bin\win64\boost_chrono-vc120-mt-1_56.dll
0x000000001b7f0000 - 0x000000001cfd5000 	E:\MyWork\matlab\R2016b_crack\install\bin\win64\icudt56.dll
0x000000001cfe0000 - 0x000000001d2fd000 	E:\MyWork\matlab\R2016b_crack\install\bin\win64\nativemcl.dll
0x0000000014260000 - 0x0000000014325000 	E:\MyWork\matlab\R2016b_crack\install\bin\win64\libut.dll
0x000000001d300000 - 0x000000001d450000 	E:\MyWork\matlab\R2016b_crack\install\bin\win64\libmx.dll
0x000000001d450000 - 0x000000001d859000 	E:\MyWork\matlab\R2016b_crack\install\bin\win64\libmwservices.dll
0x00000000fd610000 - 0x00000000fdb66000 	E:\MyWork\matlab\R2016b_crack\install\bin\win64\mlutil.dll
0x000000001d860000 - 0x000000001dc86000 	E:\MyWork\matlab\R2016b_crack\install\bin\win64\mclmcr.dll
0x0000000014840000 - 0x00000000148b1000 	E:\MyWork\matlab\R2016b_crack\install\bin\win64\mclbase.dll

VM Arguments:
jvm_args: -Dfile.encoding=UTF-8 
java_command: cn.edu.zucc.ui.DrawServer3
Launcher Type: SUN_STANDARD

Environment Variables:
JAVA_HOME=E:\MyWork\jee-mars\JDKJRE\JDK84_7u80\install
CLASSPATH=.;E:\MyWork\jee-mars\JDKJRE\JDK84_7u80\install\lib;E:\MyWork\jee-mars\JDKJRE\JDK84_7u80\install\lib\tools.jar;
PATH=E:\MyWork\matlab\R2016b_crack\install\bin\win64;E:\MyWork\jee-mars\JDKJRE\JDK84_7u80\install\bin\..\jre\bin\server;E:\MyWork\jee-mars\JDKJRE\JDK84_7u80\install\bin\..\jre\bin;E:\MyWork\jee-mars\JDKJRE\JDK84_7u80\install\bin\..\jre\lib\amd64;E:\MyWork\jee-mars\JDKJRE\JDK84_7u80\install\bin;C:\Windows\system32;C:\Windows;C:\Windows\System32\Wbem;C:\Windows\System32\WindowsPowerShell\v1.0\;C:\Program Files (x86)\NVIDIA Corporation\PhysX\Common;E:\MyWork\mySql\mysql-5.6.15-winx64\bin;E:\MyWork\tomcat\apache-tomcat-8.0.38\lib;E:\MyWork\tomcat\apache-tomcat-8.0.38\bin;E:\MyWork\appache_maven\apache-maven-3.3.9-bin\apache-maven-3.3.9\bin;E:\MyWork\jee-mars\JDKJRE\JDK84_7u80\install\jre\bin;C:\WINDOWS\system32;C:\WINDOWS;C:\WINDOWS\System32\Wbem;C:\WINDOWS\System32\WindowsPowerShell\v1.0\;E:\MyWork\matlab\R2016b_crack\install\runtime\win64;E:\MyWork\matlab\R2016b_crack\install\bin;E:\MyWork\matlab\R2016B_trial_version\install\bin;E:\MyWork\matlab\matlab_installed\runtime\win64;E:\MyWork\matlab\matlab_installed\bin;E:\MyWork\android_studio_SDK\platform-tools;C:\Program Files (x86)\Skype\Phone\;E:\MyWork\编译原理\package\10\lec10.语法制导翻译\SableCC\sablecc-3.7\bin;E:\MyWork\git\git2_10_2_x64\cmd;E:\MyWork\fsharp\4_1\fsharp.4.1\FSharp.Compiler.Tools.4.0.1.19\tools;E:\MyWork\fsharp\4_1\fsharp.4.1\FsLexYacc.7.0.2\build;C:\Program Files (x86)\Windows Kits\10\Windows Performance Toolkit\;E:\MyWork\cwRsync\5_5_0_x86\cwRsync_5.5.0_x86_Free\bin;E:\MyWork\python\2.7.12\install;E:\MyWork\python\2.7.12\install\Scripts;E:\MyWork\matlab\R2016b_crack\install\polyspace\bin;C:\Users\RokeAbbey\AppData\Local\Microsoft\WindowsApps;E:\MyWork\visual_studio_code\installed\bin;E:\MyWork\jee-mars\eclipse_kepler\eclipse-standard-kepler-SR2-win32-x86_64\eclipse
USERNAME=RokeAbbey
OS=Windows_NT
PROCESSOR_IDENTIFIER=Intel64 Family 6 Model 60 Stepping 3, GenuineIntel



---------------  S Y S T E M  ---------------

OS: Windows 8.1 , 64 bit Build 9600 

CPU:total 8 (4 cores per cpu, 2 threads per core) family 6 model 60 stepping 3, cmov, cx8, fxsr, mmx, sse, sse2, sse3, ssse3, sse4.1, sse4.2, popcnt, avx, avx2, aes, erms, ht, tsc, tscinvbit

Memory: 4k page, physical 16661436k(4177468k free), swap 16661436k(10780k free)

vm_info: Java HotSpot(TM) 64-Bit Server VM (24.80-b11) for windows-amd64 JRE (1.7.0_80-b15), built on Apr 10 2015 11:26:34 by "java_re" with unknown MS VC++:1600

time: Tue Feb 07 15:55:50 2017
elapsed time: 265 seconds

