log2c=5 log2g=-7 rate=82.0183
log2c=-1 log2g=-7 rate=71.5246
log2c=5 log2g=-1 rate=89.8926
log2c=-1 log2g=-1 rate=88.1357
log2c=11 log2g=-7 rate=86.8551
log2c=11 log2g=-1 rate=90.7022
log2c=5 log2g=-13 rate=69.2279
log2c=-1 log2g=-13 rate=50.8017
log2c=11 log2g=-13 rate=78.2029
log2c=-3 log2g=-7 rate=62.3168
log2c=-3 log2g=-1 rate=86.9609
log2c=-3 log2g=-13 rate=50.8017
log2c=5 log2g=1 rate=91.0621
log2c=-1 log2g=1 rate=90.1307
log2c=11 log2g=1 rate=90.6387
log2c=-3 log2g=1 rate=89.0035
log2c=9 log2g=-7 rate=85.6961
log2c=9 log2g=-1 rate=90.5858
log2c=9 log2g=-13 rate=77.2292
log2c=9 log2g=1 rate=90.9298
log2c=5 log2g=-11 rate=75.2553
log2c=-1 log2g=-11 rate=55.9613
log2c=11 log2g=-11 rate=80.399
log2c=-3 log2g=-11 rate=50.8017
log2c=9 log2g=-11 rate=79.1607
log2c=3 log2g=-7 rate=80.1873
log2c=3 log2g=-1 rate=89.4322
log2c=3 log2g=-13 rate=61.6712
log2c=3 log2g=1 rate=90.9615
log2c=3 log2g=-11 rate=69.3126
log2c=5 log2g=-5 rate=86.1301
log2c=-1 log2g=-5 rate=79.6052
log2c=11 log2g=-5 rate=88.4744
log2c=-3 log2g=-5 rate=74.9537
log2c=9 log2g=-5 rate=88.2415
log2c=3 log2g=-5 rate=84.442
log2c=15 log2g=-7 rate=88.2733
log2c=15 log2g=-1 rate=90.8134
log2c=15 log2g=-13 rate=80.4572
log2c=15 log2g=1 rate=89.9402
log2c=15 log2g=-11 rate=84.0504
log2c=15 log2g=-5 rate=89.1094
log2c=5 log2g=-15 rate=61.6712
log2c=-1 log2g=-15 rate=50.8017
log2c=11 log2g=-15 rate=77.1181
log2c=-3 log2g=-15 rate=50.8017
log2c=9 log2g=-15 rate=75.0595
log2c=3 log2g=-15 rate=55.9507
log2c=15 log2g=-15 rate=78.3087
log2c=-5 log2g=-7 rate=56.1941
log2c=-5 log2g=-1 rate=85.1828
log2c=-5 log2g=-13 rate=50.8017
log2c=-5 log2g=1 rate=87.5324
log2c=-5 log2g=-11 rate=50.8017
log2c=-5 log2g=-5 rate=63.9784
log2c=-5 log2g=-15 rate=50.8017
log2c=5 log2g=3 rate=90.9509
log2c=-1 log2g=3 rate=91.2949
log2c=11 log2g=3 rate=89.3158
log2c=-3 log2g=3 rate=90.6123
log2c=9 log2g=3 rate=89.972
log2c=3 log2g=3 rate=91.1891
log2c=15 log2g=3 rate=86.9556
log2c=-5 log2g=3 rate=88.686
log2c=7 log2g=-7 rate=84.1721
log2c=7 log2g=-1 rate=90.3159
log2c=7 log2g=-13 rate=75.1601
log2c=7 log2g=1 rate=91.0674
log2c=7 log2g=-11 rate=77.806
log2c=7 log2g=-5 rate=87.5853
log2c=7 log2g=-15 rate=69.1644
log2c=7 log2g=3 rate=90.5064
log2c=5 log2g=-9 rate=78.8379
log2c=-1 log2g=-9 rate=61.8458
log2c=11 log2g=-9 rate=84.0874
log2c=-3 log2g=-9 rate=55.993
log2c=9 log2g=-9 rate=81.9495
log2c=3 log2g=-9 rate=75.9856
log2c=15 log2g=-9 rate=86.2835
log2c=-5 log2g=-9 rate=50.8017
log2c=7 log2g=-9 rate=80.3196
log2c=1 log2g=-7 rate=77.5996
log2c=1 log2g=-1 rate=88.8765
log2c=1 log2g=-13 rate=55.9507
log2c=1 log2g=1 rate=90.5223
log2c=1 log2g=-11 rate=61.7135
log2c=1 log2g=-5 rate=82.14
log2c=1 log2g=-15 rate=50.8017
log2c=1 log2g=3 rate=91.3478
log2c=1 log2g=-9 rate=69.7254
log2c=5 log2g=-3 rate=88.432
log2c=-1 log2g=-3 rate=85.0664
c = 2 gamma = 8//不小心关掉了  盲估